2025-07-25 00:11:34 |  INFO   | vFalcon.App | Launching vFalcon v0.0.1
2025-07-25 00:11:35 |  INFO   | vFalcon.LoadingView.ImportArtccs | Skipped up to date ARTCC: "ZAB"
2025-07-25 00:11:35 |  INFO   | vFalcon.LoadingView.ImportArtccs | Skipped up to date ARTCC: "ZAN"
2025-07-25 00:11:35 |  INFO   | vFalcon.LoadingView.ImportArtccs | Skipped up to date ARTCC: "ZAU"
2025-07-25 00:11:35 |  INFO   | vFalcon.LoadingView.ImportArtccs | Skipped up to date ARTCC: "ZBW"
2025-07-25 00:11:35 |  INFO   | vFalcon.LoadingView.ImportArtccs | Skipped up to date ARTCC: "ZDC"
2025-07-25 00:11:35 |  INFO   | vFalcon.LoadingView.ImportArtccs | Skipped up to date ARTCC: "ZDV"
2025-07-25 00:11:36 |  INFO   | vFalcon.LoadingView.ImportArtccs | Skipped up to date ARTCC: "ZFW"
2025-07-25 00:11:36 |  INFO   | vFalcon.LoadingView.ImportArtccs | Skipped up to date ARTCC: "ZHN"
2025-07-25 00:11:36 |  INFO   | vFalcon.LoadingView.ImportArtccs | Skipped up to date ARTCC: "ZHU"
2025-07-25 00:11:36 |  INFO   | vFalcon.LoadingView.ImportArtccs | Skipped up to date ARTCC: "ZID"
2025-07-25 00:11:36 |  INFO   | vFalcon.LoadingView.ImportArtccs | Skipped up to date ARTCC: "ZJX"
2025-07-25 00:11:36 |  INFO   | vFalcon.LoadingView.ImportArtccs | Skipped up to date ARTCC: "ZKC"
2025-07-25 00:11:36 |  INFO   | vFalcon.LoadingView.ImportArtccs | Skipped up to date ARTCC: "ZLA"
2025-07-25 00:11:36 |  INFO   | vFalcon.LoadingView.ImportArtccs | Skipped up to date ARTCC: "ZLC"
2025-07-25 00:11:37 |  INFO   | vFalcon.LoadingView.ImportArtccs | Skipped up to date ARTCC: "ZMA"
2025-07-25 00:11:37 |  INFO   | vFalcon.LoadingView.ImportArtccs | Skipped up to date ARTCC: "ZME"
2025-07-25 00:11:37 |  INFO   | vFalcon.LoadingView.ImportArtccs | Skipped up to date ARTCC: "ZMP"
2025-07-25 00:11:37 |  INFO   | vFalcon.LoadingView.ImportArtccs | Skipped up to date ARTCC: "ZNY"
2025-07-25 00:11:37 |  INFO   | vFalcon.LoadingView.ImportArtccs | Skipped up to date ARTCC: "ZOA"
2025-07-25 00:11:37 |  INFO   | vFalcon.LoadingView.ImportArtccs | Skipped up to date ARTCC: "ZOB"
2025-07-25 00:11:37 |  INFO   | vFalcon.LoadingView.ImportArtccs | Skipped up to date ARTCC: "ZSE"
2025-07-25 00:11:38 |  INFO   | vFalcon.LoadingView.ImportArtccs | Skipped up to date ARTCC: "ZSU"
2025-07-25 00:11:38 |  INFO   | vFalcon.LoadingView.ImportArtccs | Skipped up to date ARTCC: "ZTL"
2025-07-25 00:11:38 |  INFO   | vFalcon.LoadingView.ImportArtccs | Skipped up to date ARTCC: "ZUA"
2025-07-25 00:11:38 |  INFO   | vFalcon.LoadingView.ImportEramProfiles | Imported ERAM Profile: "ZOB DEFAULT"
2025-07-25 00:11:38 |  INFO   | vFalcon.LoadingView.ImportEramProfiles | Skipped up to date profile: "ZOB"
